PLINK v1.90b6.21 64-bit (19 Oct 2020)
Options in effect:
  --bfile Data_public
  --out Data_rs_ids
  --recode lgen
  --snps rs5082, rs121908116, rs74315309, rs721048, rs121908454, rs121908452, rs121908456, rs121908455, rs121908450, rs3755319, rs9289231, rs121965063, rs121965064, rs2229992, rs2815822, rs6471482, rs11546829, rs111033171, rs35619688, rs63749819, rs5030861, rs5030860, rs79931499, rs5030859, rs5030858, rs5030857, rs5030856, rs5030855, rs62516092, rs5030853, rs62642933, rs62514952, rs5030850, rs5030846, rs76296470, rs5030841, rs62642926, rs121908428, rs2272457, rs28940279, rs28940574, rs2228671, rs2301600, rs72554632

Hostname: MacBook-Air-Dominique.local
Working directory: /Users/dominiquefastus/ClinPop/PLINK_data
Start time: Sat Mar 18 21:27:24 2023

Random number seed: 1679171244
8192 MB RAM detected; reserving 4096 MB for main workspace.
1233013 variants loaded from .bim file.
16466 people (8960 males, 7310 females, 196 ambiguous) loaded from .fam.
Ambiguous sex IDs written to Data_rs_ids.nosex .
16466 phenotype values loaded from .fam.
--snps: 44 variants remaining.
Warning: Ignoring phenotypes of missing-sex samples.  If you don't want those
phenotypes to be ignored, use the --allow-no-sex flag.
Using 1 thread (no multithreaded calculations invoked).
Before main variant filters, 16466 founders and 0 nonfounders present.
Calculating allele frequencies... done.
Total genotyping rate is 0.589004.
44 variants and 16466 people pass filters and QC.
Among remaining phenotypes, 0 are cases and 16466 are controls.
--recode lgen to Data_rs_ids.lgen + Data_rs_ids.map + Data_rs_ids.fam ... done.

End time: Sat Mar 18 21:27:24 2023
